<?xml version="1.0" ?>
<coverage branch-rate="0" branches-covered="0" branches-valid="0" complexity="0" line-rate="0.8917" lines-covered="889" lines-valid="997" timestamp="1560636868302" version="4.5.3">
	<!-- Generated by coverage.py: https://coverage.readthedocs.io -->
	<!-- Based on https://raw.githubusercontent.com/cobertura/web/master/htdocs/xml/coverage-04.dtd -->
	<sources>
		<source>/home/ankostis/Dropbox/JRC/pandalone.git</source>
	</sources>
	<packages>
		<package branch-rate="0" complexity="0" line-rate="0.9129" name="pandalone">
			<classes>
				<class branch-rate="0" complexity="0" filename="pandalone/components.py" line-rate="0.9718" name="components.py">
					<methods/>
					<lines>
						<line hits="1" number="8"/>
						<line hits="1" number="36"/>
						<line hits="1" number="37"/>
						<line hits="1" number="38"/>
						<line hits="1" number="40"/>
						<line hits="1" number="41"/>
						<line hits="1" number="46"/>
						<line hits="1" number="48"/>
						<line hits="1" number="51"/>
						<line hits="1" number="54"/>
						<line hits="1" number="73"/>
						<line hits="1" number="75"/>
						<line hits="1" number="76"/>
						<line hits="1" number="77"/>
						<line hits="1" number="78"/>
						<line hits="1" number="79"/>
						<line hits="1" number="80"/>
						<line hits="1" number="82"/>
						<line hits="1" number="84"/>
						<line hits="1" number="86"/>
						<line hits="1" number="87"/>
						<line hits="1" number="89"/>
						<line hits="1" number="91"/>
						<line hits="1" number="106"/>
						<line hits="1" number="181"/>
						<line hits="1" number="182"/>
						<line hits="1" number="183"/>
						<line hits="1" number="184"/>
						<line hits="1" number="185"/>
						<line hits="1" number="186"/>
						<line hits="1" number="187"/>
						<line hits="1" number="188"/>
						<line hits="1" number="197"/>
						<line hits="0" number="198"/>
						<line hits="1" number="200"/>
						<line hits="1" number="201"/>
						<line hits="1" number="203"/>
						<line hits="1" number="205"/>
						<line hits="1" number="206"/>
						<line hits="1" number="207"/>
						<line hits="1" number="209"/>
						<line hits="1" number="211"/>
						<line hits="1" number="213"/>
						<line hits="1" number="214"/>
						<line hits="1" number="215"/>
						<line hits="1" number="217"/>
						<line hits="1" number="219"/>
						<line hits="1" number="221"/>
						<line hits="1" number="222"/>
						<line hits="1" number="223"/>
						<line hits="1" number="224"/>
						<line hits="1" number="225"/>
						<line hits="1" number="226"/>
						<line hits="1" number="228"/>
						<line hits="1" number="230"/>
						<line hits="1" number="231"/>
						<line hits="1" number="234"/>
						<line hits="1" number="264"/>
						<line hits="1" number="265"/>
						<line hits="1" number="266"/>
						<line hits="1" number="268"/>
						<line hits="0" number="269"/>
						<line hits="1" number="271"/>
						<line hits="1" number="272"/>
						<line hits="1" number="273"/>
						<line hits="1" number="274"/>
						<line hits="1" number="275"/>
						<line hits="1" number="276"/>
						<line hits="1" number="277"/>
						<line hits="1" number="278"/>
						<line hits="1" number="279"/>
					</lines>
				</class>
				<class branch-rate="0" complexity="0" filename="pandalone/mappings.py" line-rate="0.9911" name="mappings.py">
					<methods/>
					<lines>
						<line hits="1" number="8"/>
						<line hits="1" number="35"/>
						<line hits="1" number="36"/>
						<line hits="1" number="37"/>
						<line hits="1" number="38"/>
						<line hits="1" number="40"/>
						<line hits="1" number="41"/>
						<line hits="1" number="42"/>
						<line hits="1" number="50"/>
						<line hits="1" number="52"/>
						<line hits="1" number="55"/>
						<line hits="1" number="145"/>
						<line hits="1" number="147"/>
						<line hits="1" number="155"/>
						<line hits="1" number="156"/>
						<line hits="1" number="157"/>
						<line hits="1" number="158"/>
						<line hits="1" number="160"/>
						<line hits="1" number="162"/>
						<line hits="1" number="170"/>
						<line hits="1" number="172"/>
						<line hits="1" number="179"/>
						<line hits="1" number="180"/>
						<line hits="1" number="181"/>
						<line hits="1" number="182"/>
						<line hits="1" number="184"/>
						<line hits="1" number="185"/>
						<line hits="1" number="186"/>
						<line hits="1" number="188"/>
						<line hits="1" number="190"/>
						<line hits="1" number="196"/>
						<line hits="1" number="197"/>
						<line hits="1" number="198"/>
						<line hits="1" number="199"/>
						<line hits="1" number="200"/>
						<line hits="1" number="202"/>
						<line hits="1" number="203"/>
						<line hits="1" number="205"/>
						<line hits="1" number="206"/>
						<line hits="1" number="207"/>
						<line hits="1" number="208"/>
						<line hits="1" number="210"/>
						<line hits="1" number="212"/>
						<line hits="1" number="219"/>
						<line hits="1" number="220"/>
						<line hits="1" number="221"/>
						<line hits="1" number="222"/>
						<line hits="1" number="226"/>
						<line hits="1" number="227"/>
						<line hits="1" number="228"/>
						<line hits="1" number="229"/>
						<line hits="1" number="230"/>
						<line hits="1" number="231"/>
						<line hits="1" number="232"/>
						<line hits="1" number="235"/>
						<line hits="1" number="237"/>
						<line hits="1" number="253"/>
						<line hits="1" number="254"/>
						<line hits="1" number="255"/>
						<line hits="1" number="256"/>
						<line hits="1" number="261"/>
						<line hits="1" number="262"/>
						<line hits="1" number="263"/>
						<line hits="1" number="264"/>
						<line hits="1" number="265"/>
						<line hits="1" number="267"/>
						<line hits="1" number="268"/>
						<line hits="1" number="270"/>
						<line hits="1" number="271"/>
						<line hits="1" number="277"/>
						<line hits="1" number="280"/>
						<line hits="1" number="282"/>
						<line hits="1" number="328"/>
						<line hits="1" number="329"/>
						<line hits="1" number="330"/>
						<line hits="1" number="331"/>
						<line hits="1" number="332"/>
						<line hits="1" number="334"/>
						<line hits="1" number="336"/>
						<line hits="1" number="339"/>
						<line hits="1" number="348"/>
						<line hits="1" number="410"/>
						<line hits="1" number="412"/>
						<line hits="1" number="413"/>
						<line hits="1" number="415"/>
						<line hits="1" number="416"/>
						<line hits="1" number="418"/>
						<line hits="1" number="419"/>
						<line hits="1" number="420"/>
						<line hits="1" number="421"/>
						<line hits="1" number="422"/>
						<line hits="1" number="423"/>
						<line hits="1" number="424"/>
						<line hits="1" number="426"/>
						<line hits="1" number="427"/>
						<line hits="1" number="428"/>
						<line hits="1" number="430"/>
						<line hits="1" number="436"/>
						<line hits="1" number="437"/>
						<line hits="1" number="438"/>
						<line hits="1" number="440"/>
						<line hits="1" number="442"/>
						<line hits="1" number="443"/>
						<line hits="1" number="444"/>
						<line hits="1" number="446"/>
						<line hits="1" number="520"/>
						<line hits="1" number="521"/>
						<line hits="1" number="522"/>
						<line hits="1" number="524"/>
						<line hits="1" number="525"/>
						<line hits="1" number="526"/>
						<line hits="1" number="528"/>
						<line hits="1" number="530"/>
						<line hits="1" number="531"/>
						<line hits="1" number="535"/>
						<line hits="1" number="536"/>
						<line hits="1" number="537"/>
						<line hits="1" number="538"/>
						<line hits="1" number="539"/>
						<line hits="1" number="540"/>
						<line hits="1" number="541"/>
						<line hits="1" number="543"/>
						<line hits="1" number="544"/>
						<line hits="1" number="545"/>
						<line hits="1" number="547"/>
						<line hits="1" number="548"/>
						<line hits="1" number="549"/>
						<line hits="1" number="550"/>
						<line hits="1" number="551"/>
						<line hits="1" number="552"/>
						<line hits="1" number="553"/>
						<line hits="1" number="555"/>
						<line hits="1" number="556"/>
						<line hits="1" number="557"/>
						<line hits="1" number="558"/>
						<line hits="1" number="560"/>
						<line hits="1" number="562"/>
						<line hits="1" number="563"/>
						<line hits="1" number="565"/>
						<line hits="1" number="567"/>
						<line hits="1" number="568"/>
						<line hits="1" number="570"/>
						<line hits="1" number="571"/>
						<line hits="1" number="575"/>
						<line hits="1" number="576"/>
						<line hits="1" number="578"/>
						<line hits="1" number="579"/>
						<line hits="1" number="580"/>
						<line hits="1" number="585"/>
						<line hits="1" number="586"/>
						<line hits="1" number="589"/>
						<line hits="1" number="666"/>
						<line hits="1" number="667"/>
						<line hits="1" number="668"/>
						<line hits="1" number="669"/>
						<line hits="1" number="670"/>
						<line hits="1" number="671"/>
						<line hits="1" number="673"/>
						<line hits="1" number="674"/>
						<line hits="1" number="675"/>
						<line hits="1" number="676"/>
						<line hits="1" number="677"/>
						<line hits="1" number="679"/>
						<line hits="1" number="681"/>
						<line hits="1" number="683"/>
						<line hits="1" number="686"/>
						<line hits="1" number="758"/>
						<line hits="1" number="759"/>
						<line hits="1" number="761"/>
						<line hits="1" number="762"/>
						<line hits="1" number="764"/>
						<line hits="1" number="775"/>
						<line hits="1" number="776"/>
						<line hits="1" number="777"/>
						<line hits="1" number="778"/>
						<line hits="1" number="779"/>
						<line hits="1" number="780"/>
						<line hits="1" number="781"/>
						<line hits="1" number="782"/>
						<line hits="1" number="784"/>
						<line hits="1" number="786"/>
						<line hits="1" number="789"/>
						<line hits="1" number="863"/>
						<line hits="1" number="864"/>
						<line hits="1" number="865"/>
						<line hits="1" number="867"/>
						<line hits="1" number="870"/>
						<line hits="1" number="876"/>
						<line hits="1" number="878"/>
						<line hits="1" number="879"/>
						<line hits="1" number="880"/>
						<line hits="1" number="881"/>
						<line hits="1" number="882"/>
						<line hits="1" number="883"/>
						<line hits="1" number="884"/>
						<line hits="1" number="885"/>
						<line hits="1" number="888"/>
						<line hits="1" number="998"/>
						<line hits="1" number="999"/>
						<line hits="1" number="1000"/>
						<line hits="1" number="1002"/>
						<line hits="1" number="1004"/>
						<line hits="0" number="1005"/>
						<line hits="1" number="1006"/>
						<line hits="1" number="1007"/>
						<line hits="1" number="1008"/>
						<line hits="1" number="1010"/>
						<line hits="1" number="1046"/>
						<line hits="1" number="1047"/>
						<line hits="1" number="1048"/>
						<line hits="1" number="1049"/>
						<line hits="1" number="1050"/>
						<line hits="1" number="1051"/>
						<line hits="1" number="1053"/>
						<line hits="1" number="1055"/>
						<line hits="1" number="1058"/>
						<line hits="1" number="1059"/>
						<line hits="1" number="1060"/>
						<line hits="1" number="1061"/>
						<line hits="1" number="1062"/>
						<line hits="1" number="1070"/>
						<line hits="1" number="1072"/>
						<line hits="1" number="1073"/>
						<line hits="1" number="1074"/>
						<line hits="1" number="1075"/>
						<line hits="1" number="1077"/>
						<line hits="1" number="1078"/>
						<line hits="1" number="1081"/>
						<line hits="1" number="1082"/>
						<line hits="1" number="1083"/>
						<line hits="1" number="1084"/>
						<line hits="1" number="1086"/>
						<line hits="1" number="1087"/>
						<line hits="1" number="1089"/>
						<line hits="1" number="1091"/>
						<line hits="1" number="1092"/>
						<line hits="1" number="1093"/>
						<line hits="1" number="1094"/>
						<line hits="1" number="1095"/>
						<line hits="1" number="1096"/>
						<line hits="1" number="1097"/>
						<line hits="1" number="1098"/>
						<line hits="1" number="1099"/>
						<line hits="1" number="1101"/>
						<line hits="1" number="1102"/>
						<line hits="1" number="1103"/>
						<line hits="1" number="1104"/>
						<line hits="1" number="1105"/>
						<line hits="1" number="1106"/>
						<line hits="1" number="1107"/>
						<line hits="1" number="1109"/>
						<line hits="1" number="1111"/>
						<line hits="0" number="1112"/>
						<line hits="1" number="1113"/>
						<line hits="1" number="1114"/>
						<line hits="1" number="1115"/>
						<line hits="1" number="1117"/>
						<line hits="1" number="1118"/>
						<line hits="1" number="1119"/>
						<line hits="1" number="1121"/>
						<line hits="1" number="1122"/>
						<line hits="1" number="1124"/>
						<line hits="1" number="1135"/>
						<line hits="1" number="1137"/>
						<line hits="1" number="1139"/>
						<line hits="1" number="1140"/>
						<line hits="1" number="1143"/>
						<line hits="1" number="1144"/>
						<line hits="1" number="1145"/>
						<line hits="1" number="1147"/>
						<line hits="1" number="1153"/>
						<line hits="1" number="1154"/>
						<line hits="1" number="1156"/>
						<line hits="1" number="1162"/>
						<line hits="1" number="1163"/>
						<line hits="1" number="1165"/>
						<line hits="1" number="1170"/>
						<line hits="1" number="1171"/>
						<line hits="1" number="1172"/>
						<line hits="1" number="1174"/>
						<line hits="1" number="1176"/>
						<line hits="1" number="1178"/>
						<line hits="1" number="1183"/>
						<line hits="1" number="1184"/>
						<line hits="1" number="1185"/>
						<line hits="1" number="1187"/>
						<line hits="1" number="1189"/>
						<line hits="1" number="1190"/>
						<line hits="1" number="1191"/>
						<line hits="0" number="1192"/>
						<line hits="1" number="1193"/>
						<line hits="1" number="1194"/>
						<line hits="1" number="1195"/>
						<line hits="1" number="1197"/>
						<line hits="1" number="1233"/>
						<line hits="1" number="1234"/>
						<line hits="1" number="1235"/>
						<line hits="1" number="1237"/>
						<line hits="1" number="1238"/>
						<line hits="1" number="1239"/>
						<line hits="1" number="1240"/>
						<line hits="1" number="1241"/>
						<line hits="1" number="1242"/>
						<line hits="1" number="1243"/>
						<line hits="1" number="1245"/>
						<line hits="1" number="1247"/>
						<line hits="1" number="1256"/>
						<line hits="1" number="1257"/>
						<line hits="1" number="1259"/>
						<line hits="1" number="1262"/>
						<line hits="1" number="1264"/>
						<line hits="1" number="1272"/>
						<line hits="1" number="1273"/>
						<line hits="1" number="1275"/>
						<line hits="1" number="1276"/>
						<line hits="1" number="1277"/>
						<line hits="1" number="1278"/>
						<line hits="1" number="1279"/>
						<line hits="1" number="1281"/>
						<line hits="1" number="1288"/>
						<line hits="1" number="1289"/>
						<line hits="1" number="1290"/>
						<line hits="1" number="1291"/>
						<line hits="1" number="1293"/>
						<line hits="1" number="1295"/>
						<line hits="1" number="1297"/>
						<line hits="1" number="1300"/>
						<line hits="1" number="1317"/>
						<line hits="1" number="1318"/>
						<line hits="1" number="1319"/>
						<line hits="1" number="1320"/>
						<line hits="1" number="1321"/>
						<line hits="1" number="1322"/>
						<line hits="1" number="1323"/>
						<line hits="1" number="1324"/>
						<line hits="1" number="1326"/>
					</lines>
				</class>
				<class branch-rate="0" complexity="0" filename="pandalone/pandata.py" line-rate="0.8422" name="pandata.py">
					<methods/>
					<lines>
						<line hits="1" number="9"/>
						<line hits="1" number="14"/>
						<line hits="1" number="15"/>
						<line hits="1" number="16"/>
						<line hits="1" number="17"/>
						<line hits="1" number="18"/>
						<line hits="1" number="19"/>
						<line hits="1" number="20"/>
						<line hits="1" number="21"/>
						<line hits="1" number="22"/>
						<line hits="1" number="24"/>
						<line hits="1" number="25"/>
						<line hits="1" number="26"/>
						<line hits="1" number="27"/>
						<line hits="1" number="29"/>
						<line hits="1" number="30"/>
						<line hits="1" number="33"/>
						<line hits="1" number="34"/>
						<line hits="1" number="39"/>
						<line hits="1" number="40"/>
						<line hits="1" number="44"/>
						<line hits="1" number="46"/>
						<line hits="1" number="62"/>
						<line hits="1" number="66"/>
						<line hits="1" number="69"/>
						<line hits="1" number="103"/>
						<line hits="1" number="104"/>
						<line hits="1" number="105"/>
						<line hits="1" number="106"/>
						<line hits="1" number="107"/>
						<line hits="1" number="108"/>
						<line hits="1" number="109"/>
						<line hits="1" number="112"/>
						<line hits="1" number="118"/>
						<line hits="1" number="147"/>
						<line hits="1" number="149"/>
						<line hits="1" number="150"/>
						<line hits="1" number="152"/>
						<line hits="0" number="153"/>
						<line hits="1" number="157"/>
						<line hits="1" number="160"/>
						<line hits="1" number="253"/>
						<line hits="1" number="261"/>
						<line hits="1" number="263"/>
						<line hits="1" number="281"/>
						<line hits="1" number="282"/>
						<line hits="1" number="283"/>
						<line hits="1" number="284"/>
						<line hits="1" number="291"/>
						<line hits="1" number="292"/>
						<line hits="1" number="296"/>
						<line hits="1" number="303"/>
						<line hits="1" number="308"/>
						<line hits="1" number="309"/>
						<line hits="1" number="310"/>
						<line hits="1" number="316"/>
						<line hits="1" number="317"/>
						<line hits="1" number="318"/>
						<line hits="1" number="319"/>
						<line hits="1" number="320"/>
						<line hits="1" number="322"/>
						<line hits="1" number="323"/>
						<line hits="1" number="325"/>
						<line hits="1" number="326"/>
						<line hits="1" number="328"/>
						<line hits="1" number="329"/>
						<line hits="1" number="330"/>
						<line hits="1" number="331"/>
						<line hits="1" number="332"/>
						<line hits="1" number="333"/>
						<line hits="1" number="335"/>
						<line hits="1" number="336"/>
						<line hits="1" number="338"/>
						<line hits="1" number="339"/>
						<line hits="1" number="340"/>
						<line hits="1" number="342"/>
						<line hits="1" number="343"/>
						<line hits="1" number="344"/>
						<line hits="1" number="346"/>
						<line hits="1" number="347"/>
						<line hits="1" number="348"/>
						<line hits="1" number="350"/>
						<line hits="1" number="352"/>
						<line hits="1" number="353"/>
						<line hits="1" number="354"/>
						<line hits="1" number="355"/>
						<line hits="1" number="357"/>
						<line hits="1" number="358"/>
						<line hits="1" number="360"/>
						<line hits="1" number="363"/>
						<line hits="1" number="364"/>
						<line hits="1" number="365"/>
						<line hits="1" number="367"/>
						<line hits="1" number="368"/>
						<line hits="1" number="374"/>
						<line hits="1" number="375"/>
						<line hits="1" number="376"/>
						<line hits="1" number="378"/>
						<line hits="1" number="379"/>
						<line hits="1" number="380"/>
						<line hits="1" number="381"/>
						<line hits="1" number="384"/>
						<line hits="1" number="386"/>
						<line hits="1" number="387"/>
						<line hits="1" number="388"/>
						<line hits="1" number="390"/>
						<line hits="1" number="391"/>
						<line hits="1" number="392"/>
						<line hits="1" number="398"/>
						<line hits="1" number="399"/>
						<line hits="1" number="400"/>
						<line hits="1" number="401"/>
						<line hits="1" number="407"/>
						<line hits="1" number="408"/>
						<line hits="1" number="409"/>
						<line hits="1" number="411"/>
						<line hits="1" number="412"/>
						<line hits="1" number="413"/>
						<line hits="1" number="415"/>
						<line hits="1" number="416"/>
						<line hits="1" number="417"/>
						<line hits="1" number="418"/>
						<line hits="1" number="420"/>
						<line hits="1" number="423"/>
						<line hits="1" number="426"/>
						<line hits="1" number="428"/>
						<line hits="1" number="429"/>
						<line hits="1" number="430"/>
						<line hits="1" number="432"/>
						<line hits="1" number="433"/>
						<line hits="1" number="434"/>
						<line hits="1" number="435"/>
						<line hits="1" number="436"/>
						<line hits="1" number="437"/>
						<line hits="1" number="439"/>
						<line hits="1" number="440"/>
						<line hits="1" number="441"/>
						<line hits="1" number="442"/>
						<line hits="1" number="445"/>
						<line hits="1" number="446"/>
						<line hits="1" number="447"/>
						<line hits="1" number="452"/>
						<line hits="1" number="453"/>
						<line hits="1" number="456"/>
						<line hits="1" number="458"/>
						<line hits="1" number="459"/>
						<line hits="1" number="460"/>
						<line hits="1" number="461"/>
						<line hits="1" number="462"/>
						<line hits="1" number="463"/>
						<line hits="1" number="464"/>
						<line hits="1" number="469"/>
						<line hits="1" number="470"/>
						<line hits="1" number="471"/>
						<line hits="1" number="472"/>
						<line hits="1" number="473"/>
						<line hits="1" number="476"/>
						<line hits="1" number="477"/>
						<line hits="1" number="480"/>
						<line hits="1" number="767"/>
						<line hits="1" number="769"/>
						<line hits="1" number="775"/>
						<line hits="1" number="776"/>
						<line hits="1" number="777"/>
						<line hits="1" number="778"/>
						<line hits="1" number="779"/>
						<line hits="1" number="780"/>
						<line hits="1" number="782"/>
						<line hits="0" number="793"/>
						<line hits="1" number="794"/>
						<line hits="0" number="798"/>
						<line hits="0" number="799"/>
						<line hits="1" number="801"/>
						<line hits="0" number="806"/>
						<line hits="1" number="808"/>
						<line hits="0" number="810"/>
						<line hits="1" number="811"/>
						<line hits="1" number="813"/>
						<line hits="0" number="822"/>
						<line hits="1" number="824"/>
						<line hits="0" number="828"/>
						<line hits="1" number="830"/>
						<line hits="0" number="834"/>
						<line hits="1" number="836"/>
						<line hits="0" number="842"/>
						<line hits="1" number="844"/>
						<line hits="0" number="845"/>
						<line hits="0" number="846"/>
						<line hits="1" number="847"/>
						<line hits="0" number="848"/>
						<line hits="0" number="849"/>
						<line hits="1" number="850"/>
						<line hits="1" number="851"/>
						<line hits="0" number="852"/>
						<line hits="0" number="854"/>
						<line hits="0" number="855"/>
						<line hits="0" number="856"/>
						<line hits="0" number="857"/>
						<line hits="1" number="858"/>
						<line hits="1" number="859"/>
						<line hits="1" number="860"/>
						<line hits="1" number="862"/>
						<line hits="1" number="863"/>
						<line hits="1" number="868"/>
						<line hits="1" number="869"/>
						<line hits="1" number="870"/>
						<line hits="1" number="872"/>
						<line hits="1" number="874"/>
						<line hits="1" number="875"/>
						<line hits="1" number="878"/>
						<line hits="1" number="880"/>
						<line hits="1" number="882"/>
						<line hits="1" number="883"/>
						<line hits="1" number="884"/>
						<line hits="1" number="885"/>
						<line hits="1" number="886"/>
						<line hits="1" number="888"/>
						<line hits="1" number="891"/>
						<line hits="1" number="892"/>
						<line hits="1" number="893"/>
						<line hits="1" number="895"/>
						<line hits="1" number="896"/>
						<line hits="1" number="897"/>
						<line hits="1" number="899"/>
						<line hits="1" number="900"/>
						<line hits="1" number="901"/>
						<line hits="1" number="903"/>
						<line hits="1" number="905"/>
						<line hits="1" number="906"/>
						<line hits="1" number="907"/>
						<line hits="1" number="909"/>
						<line hits="1" number="910"/>
						<line hits="1" number="911"/>
						<line hits="1" number="912"/>
						<line hits="1" number="916"/>
						<line hits="1" number="917"/>
						<line hits="1" number="919"/>
						<line hits="0" number="922"/>
						<line hits="1" number="923"/>
						<line hits="1" number="925"/>
						<line hits="0" number="927"/>
						<line hits="0" number="928"/>
						<line hits="1" number="929"/>
						<line hits="1" number="932"/>
						<line hits="1" number="934"/>
						<line hits="1" number="935"/>
						<line hits="1" number="938"/>
						<line hits="1" number="939"/>
						<line hits="1" number="941"/>
						<line hits="1" number="943"/>
						<line hits="1" number="948"/>
						<line hits="1" number="950"/>
						<line hits="1" number="951"/>
						<line hits="1" number="952"/>
						<line hits="1" number="953"/>
						<line hits="1" number="955"/>
						<line hits="1" number="957"/>
						<line hits="1" number="958"/>
						<line hits="1" number="962"/>
						<line hits="1" number="964"/>
						<line hits="1" number="965"/>
						<line hits="1" number="966"/>
						<line hits="1" number="968"/>
						<line hits="1" number="972"/>
						<line hits="0" number="973"/>
						<line hits="1" number="975"/>
						<line hits="1" number="992"/>
						<line hits="1" number="993"/>
						<line hits="1" number="995"/>
						<line hits="1" number="997"/>
						<line hits="1" number="1005"/>
						<line hits="1" number="1011"/>
						<line hits="1" number="1012"/>
						<line hits="1" number="1014"/>
						<line hits="1" number="1015"/>
						<line hits="1" number="1016"/>
						<line hits="1" number="1017"/>
						<line hits="1" number="1018"/>
						<line hits="1" number="1019"/>
						<line hits="1" number="1020"/>
						<line hits="0" number="1022"/>
						<line hits="0" number="1023"/>
						<line hits="1" number="1025"/>
						<line hits="1" number="1028"/>
						<line hits="1" number="1030"/>
						<line hits="1" number="1032"/>
						<line hits="1" number="1033"/>
						<line hits="1" number="1037"/>
						<line hits="1" number="1039"/>
						<line hits="1" number="1046"/>
						<line hits="1" number="1047"/>
						<line hits="0" number="1048"/>
						<line hits="1" number="1050"/>
						<line hits="1" number="1052"/>
						<line hits="1" number="1053"/>
						<line hits="1" number="1056"/>
						<line hits="0" number="1057"/>
						<line hits="1" number="1060"/>
						<line hits="1" number="1061"/>
						<line hits="1" number="1064"/>
						<line hits="1" number="1108"/>
						<line hits="1" number="1109"/>
						<line hits="1" number="1110"/>
						<line hits="1" number="1111"/>
						<line hits="1" number="1113"/>
						<line hits="1" number="1114"/>
						<line hits="1" number="1116"/>
						<line hits="1" number="1119"/>
						<line hits="1" number="1146"/>
						<line hits="1" number="1147"/>
						<line hits="1" number="1150"/>
						<line hits="1" number="1153"/>
						<line hits="1" number="1185"/>
						<line hits="1" number="1186"/>
						<line hits="1" number="1188"/>
						<line hits="1" number="1189"/>
						<line hits="0" number="1190"/>
						<line hits="0" number="1191"/>
						<line hits="1" number="1192"/>
						<line hits="1" number="1193"/>
						<line hits="1" number="1194"/>
						<line hits="1" number="1195"/>
						<line hits="1" number="1196"/>
						<line hits="1" number="1200"/>
						<line hits="1" number="1202"/>
						<line hits="1" number="1205"/>
						<line hits="1" number="1241"/>
						<line hits="1" number="1242"/>
						<line hits="1" number="1243"/>
						<line hits="1" number="1244"/>
						<line hits="1" number="1246"/>
						<line hits="1" number="1252"/>
						<line hits="1" number="1253"/>
						<line hits="1" number="1254"/>
						<line hits="1" number="1255"/>
						<line hits="1" number="1256"/>
						<line hits="1" number="1257"/>
						<line hits="1" number="1258"/>
						<line hits="1" number="1259"/>
						<line hits="1" number="1261"/>
						<line hits="1" number="1262"/>
						<line hits="1" number="1263"/>
						<line hits="1" number="1265"/>
						<line hits="1" number="1268"/>
						<line hits="0" number="1277"/>
						<line hits="0" number="1281"/>
						<line hits="0" number="1282"/>
						<line hits="0" number="1283"/>
						<line hits="0" number="1284"/>
						<line hits="0" number="1287"/>
						<line hits="0" number="1288"/>
						<line hits="0" number="1289"/>
						<line hits="0" number="1291"/>
						<line hits="0" number="1292"/>
						<line hits="0" number="1293"/>
						<line hits="0" number="1294"/>
						<line hits="0" number="1299"/>
						<line hits="0" number="1300"/>
						<line hits="0" number="1304"/>
						<line hits="0" number="1305"/>
						<line hits="0" number="1306"/>
						<line hits="0" number="1307"/>
						<line hits="0" number="1308"/>
						<line hits="0" number="1309"/>
						<line hits="0" number="1310"/>
						<line hits="0" number="1311"/>
						<line hits="0" number="1312"/>
						<line hits="1" number="1314"/>
						<line hits="0" number="1316"/>
						<line hits="0" number="1320"/>
						<line hits="0" number="1321"/>
						<line hits="0" number="1322"/>
						<line hits="0" number="1323"/>
						<line hits="0" number="1324"/>
						<line hits="0" number="1327"/>
						<line hits="0" number="1328"/>
						<line hits="0" number="1331"/>
						<line hits="0" number="1332"/>
						<line hits="1" number="1344"/>
						<line hits="0" number="1346"/>
						<line hits="0" number="1348"/>
						<line hits="0" number="1349"/>
						<line hits="0" number="1350"/>
						<line hits="0" number="1351"/>
						<line hits="0" number="1352"/>
						<line hits="1" number="1353"/>
						<line hits="1" number="1355"/>
						<line hits="1" number="1356"/>
						<line hits="1" number="1357"/>
						<line hits="1" number="1358"/>
						<line hits="1" number="1360"/>
						<line hits="1" number="1362"/>
						<line hits="1" number="1363"/>
						<line hits="1" number="1365"/>
						<line hits="1" number="1368"/>
						<line hits="1" number="1372"/>
						<line hits="1" number="1385"/>
						<line hits="1" number="1386"/>
						<line hits="1" number="1387"/>
						<line hits="1" number="1388"/>
						<line hits="1" number="1389"/>
						<line hits="1" number="1390"/>
						<line hits="1" number="1391"/>
						<line hits="1" number="1392"/>
						<line hits="1" number="1393"/>
						<line hits="1" number="1394"/>
						<line hits="1" number="1395"/>
						<line hits="1" number="1396"/>
						<line hits="1" number="1397"/>
						<line hits="1" number="1398"/>
						<line hits="1" number="1399"/>
						<line hits="1" number="1401"/>
						<line hits="1" number="1402"/>
						<line hits="1" number="1405"/>
						<line hits="1" number="1433"/>
						<line hits="1" number="1434"/>
						<line hits="1" number="1435"/>
						<line hits="1" number="1437"/>
						<line hits="1" number="1438"/>
						<line hits="1" number="1439"/>
						<line hits="1" number="1440"/>
						<line hits="1" number="1441"/>
						<line hits="1" number="1442"/>
						<line hits="1" number="1444"/>
						<line hits="1" number="1445"/>
						<line hits="1" number="1446"/>
						<line hits="1" number="1447"/>
						<line hits="1" number="1448"/>
						<line hits="1" number="1453"/>
						<line hits="1" number="1454"/>
						<line hits="1" number="1455"/>
					</lines>
				</class>
			</classes>
		</package>
		<package branch-rate="0" complexity="0" line-rate="0.7785" name="pandalone.xleash">
			<classes>
				<class branch-rate="0" complexity="0" filename="pandalone/xleash/_parse.py" line-rate="0.7785" name="_parse.py">
					<methods/>
					<lines>
						<line hits="1" number="8"/>
						<line hits="1" number="16"/>
						<line hits="1" number="17"/>
						<line hits="1" number="18"/>
						<line hits="1" number="20"/>
						<line hits="1" number="22"/>
						<line hits="1" number="23"/>
						<line hits="1" number="26"/>
						<line hits="1" number="34"/>
						<line hits="1" number="36"/>
						<line hits="1" number="42"/>
						<line hits="1" number="43"/>
						<line hits="1" number="44"/>
						<line hits="0" number="45"/>
						<line hits="1" number="46"/>
						<line hits="1" number="47"/>
						<line hits="1" number="48"/>
						<line hits="1" number="49"/>
						<line hits="1" number="50"/>
						<line hits="1" number="52"/>
						<line hits="1" number="53"/>
						<line hits="1" number="54"/>
						<line hits="1" number="56"/>
						<line hits="1" number="57"/>
						<line hits="1" number="59"/>
						<line hits="1" number="63"/>
						<line hits="1" number="73"/>
						<line hits="1" number="75"/>
						<line hits="1" number="76"/>
						<line hits="1" number="78"/>
						<line hits="1" number="79"/>
						<line hits="1" number="86"/>
						<line hits="1" number="87"/>
						<line hits="1" number="90"/>
						<line hits="0" number="131"/>
						<line hits="0" number="132"/>
						<line hits="1" number="134"/>
						<line hits="1" number="137"/>
						<line hits="1" number="138"/>
						<line hits="1" number="185"/>
						<line hits="1" number="188"/>
						<line hits="1" number="196"/>
						<line hits="1" number="199"/>
						<line hits="1" number="202"/>
						<line hits="1" number="206"/>
						<line hits="0" number="224"/>
						<line hits="0" number="225"/>
						<line hits="0" number="227"/>
						<line hits="1" number="228"/>
						<line hits="1" number="229"/>
						<line hits="0" number="230"/>
						<line hits="1" number="231"/>
						<line hits="1" number="233"/>
						<line hits="1" number="235"/>
						<line hits="0" number="236"/>
						<line hits="1" number="237"/>
						<line hits="1" number="238"/>
						<line hits="1" number="239"/>
						<line hits="1" number="240"/>
						<line hits="1" number="241"/>
						<line hits="1" number="242"/>
						<line hits="1" number="244"/>
						<line hits="1" number="245"/>
						<line hits="0" number="247"/>
						<line hits="1" number="248"/>
						<line hits="1" number="249"/>
						<line hits="1" number="251"/>
						<line hits="1" number="252"/>
						<line hits="1" number="253"/>
						<line hits="0" number="254"/>
						<line hits="1" number="256"/>
						<line hits="1" number="257"/>
						<line hits="1" number="258"/>
						<line hits="0" number="259"/>
						<line hits="1" number="260"/>
						<line hits="1" number="261"/>
						<line hits="1" number="262"/>
						<line hits="1" number="264"/>
						<line hits="1" number="265"/>
						<line hits="1" number="266"/>
						<line hits="0" number="267"/>
						<line hits="1" number="268"/>
						<line hits="1" number="269"/>
						<line hits="1" number="270"/>
						<line hits="1" number="271"/>
						<line hits="1" number="272"/>
						<line hits="1" number="273"/>
						<line hits="1" number="274"/>
						<line hits="1" number="275"/>
						<line hits="1" number="276"/>
						<line hits="1" number="278"/>
						<line hits="1" number="281"/>
						<line hits="0" number="301"/>
						<line hits="0" number="302"/>
						<line hits="0" number="303"/>
						<line hits="0" number="304"/>
						<line hits="1" number="307"/>
						<line hits="0" number="340"/>
						<line hits="0" number="341"/>
						<line hits="1" number="343"/>
						<line hits="1" number="347"/>
						<line hits="1" number="348"/>
						<line hits="1" number="349"/>
						<line hits="1" number="352"/>
						<line hits="1" number="353"/>
						<line hits="1" number="354"/>
						<line hits="1" number="355"/>
						<line hits="1" number="360"/>
						<line hits="0" number="414"/>
						<line hits="0" number="415"/>
						<line hits="0" number="416"/>
						<line hits="1" number="418"/>
						<line hits="1" number="420"/>
						<line hits="0" number="421"/>
						<line hits="1" number="422"/>
						<line hits="0" number="423"/>
						<line hits="1" number="424"/>
						<line hits="1" number="425"/>
						<line hits="1" number="426"/>
						<line hits="1" number="428"/>
						<line hits="1" number="429"/>
						<line hits="0" number="431"/>
						<line hits="1" number="432"/>
						<line hits="1" number="433"/>
						<line hits="0" number="434"/>
						<line hits="1" number="435"/>
						<line hits="1" number="436"/>
						<line hits="1" number="437"/>
						<line hits="1" number="439"/>
						<line hits="1" number="440"/>
						<line hits="1" number="441"/>
						<line hits="0" number="442"/>
						<line hits="1" number="443"/>
						<line hits="1" number="444"/>
						<line hits="1" number="446"/>
						<line hits="1" number="449"/>
						<line hits="0" number="455"/>
						<line hits="0" number="456"/>
						<line hits="0" number="457"/>
						<line hits="0" number="458"/>
						<line hits="1" number="459"/>
						<line hits="1" number="460"/>
						<line hits="1" number="461"/>
						<line hits="1" number="463"/>
						<line hits="0" number="464"/>
						<line hits="0" number="465"/>
						<line hits="1" number="467"/>
						<line hits="1" number="469"/>
						<line hits="1" number="472"/>
						<line hits="0" number="529"/>
						<line hits="0" number="530"/>
						<line hits="0" number="531"/>
						<line hits="1" number="532"/>
						<line hits="1" number="534"/>
						<line hits="1" number="535"/>
						<line hits="1" number="536"/>
						<line hits="1" number="537"/>
						<line hits="1" number="539"/>
					</lines>
				</class>
			</classes>
		</package>
		<package branch-rate="0" complexity="0" line-rate="1" name="pandalone.xleash.io">
			<classes>
				<class branch-rate="0" complexity="0" filename="pandalone/xleash/io/__init__.py" line-rate="1" name="__init__.py">
					<methods/>
					<lines>
						<line hits="1" number="8"/>
					</lines>
				</class>
			</classes>
		</package>
	</packages>
</coverage>
